<?xml version="1.0" encoding="UTF-8"?>
<!-- Generated by org.testng.reporters.JUnitXMLReporter -->
<testsuite ignored="7" hostname="thien" failures="0" tests="1" name="Default test" time="4.976" errors="0" timestamp="02 Aug 2021 20:14:07 GMT">
  <testcase classname="com.example.LoginTest" name="menuNews" time="0.061"/>
  <testcase classname="com.example.LoginTest" name="menuAbout" time="0.0">
    <ignored/>
  </testcase> <!-- menuAbout -->
  <testcase classname="com.example.LoginTest" name="menuHelp" time="0.0">
    <ignored/>
  </testcase> <!-- menuHelp -->
  <testcase classname="com.example.LoginTest" name="menuCourse" time="0.0">
    <ignored/>
  </testcase> <!-- menuCourse -->
  <testcase classname="com.example.LoginTest" name="menuDisplay" time="0.0">
    <ignored/>
  </testcase> <!-- menuDisplay -->
  <testcase classname="com.example.LoginTest" name="f" time="0.0">
    <ignored/>
  </testcase> <!-- f -->
  <testcase classname="com.example.LoginTest" name="menuCoops" time="0.0">
    <ignored/>
  </testcase> <!-- menuCoops -->
  <testcase classname="com.example.LoginTest" name="socialIcon" time="0.0">
    <ignored/>
  </testcase> <!-- socialIcon -->
</testsuite> <!-- Default test -->
