<?xml version="1.0" encoding="UTF-8"?>
<testng-results ignored="7" total="8" passed="1" failed="0" skipped="0">
  <reporter-output>
  </reporter-output>
  <suite started-at="2021-08-02T20:14:02Z" name="Default suite" finished-at="2021-08-02T20:14:07Z" duration-ms="4976">
    <groups>
    </groups>
    <test started-at="2021-08-02T20:14:02Z" name="Default test" finished-at="2021-08-02T20:14:07Z" duration-ms="4976">
      <class name="com.example.LoginTest">
        <test-method is-config="true" signature="beforeMethod()[pri:0, instance:com.example.LoginTest@3a44431a]" started-at="2021-08-02T22:14:02Z" name="beforeMethod" finished-at="2021-08-02T22:14:07Z" duration-ms="4809" status="PASS">
          <reporter-output>
          </reporter-output>
        </test-method> <!-- beforeMethod -->
        <test-method signature="menuNews()[pri:0, instance:com.example.LoginTest@3a44431a]" started-at="2021-08-02T22:14:07Z" name="menuNews" finished-at="2021-08-02T22:14:07Z" duration-ms="61" status="PASS">
          <reporter-output>
          </reporter-output>
        </test-method> <!-- menuNews -->
        <test-method is-config="true" signature="afterMethod()[pri:0, instance:com.example.LoginTest@3a44431a]" started-at="2021-08-02T22:14:07Z" name="afterMethod" finished-at="2021-08-02T22:14:07Z" duration-ms="88" status="PASS">
          <reporter-output>
          </reporter-output>
        </test-method> <!-- afterMethod -->
      </class> <!-- com.example.LoginTest -->
    </test> <!-- Default test -->
  </suite> <!-- Default suite -->
</testng-results>
